<?xml version="1.0" encoding="UTF-8" ?>
<testsuite tests="7" failures="0" name="vani.copyProgi.AppTest" time="0.008" errors="0" skipped="0">
  <properties>
[...]
</properties>
  <testcase classname="vani.copyProgi.AppTest" name="testNoParameter" time="0.004"/>
  <testcase classname="vani.copyProgi.AppTest" name="testApp" time="0"/>
  <testcase classname="vani.copyProgi.AppTest" name="testTwoParameter" time="0"/>
  <testcase classname="vani.copyProgi.AppTest" name="testOneParameter" time="0.001"/>
  <testcase classname="vani.copyProgi.AppTest" name="testCopyIntoFile" time="0.001"/>
  <testcase classname="vani.copyProgi.AppTest" name="testWriteOnConsole" time="0.001"/>
  <testcase classname="vani.copyProgi.AppTest" name="testMoreParameter" time="0.001"/>
</testsuite>